Build started 17/04/2015 6:19:23 PM.
     1>Project "C:\Users\Matt Joncas\documents\visual studio 2013\Projects\GUI\GUI\GUI.vcxproj" on node 2 (Build target(s)).
     1>ClCompile:
         C:\Program Files (x86)\Microsoft Visual Studio 12.0\VC\bin\CL.exe /c /IC:\SFML\include /ZI /nologo /W3 /WX- /sdl /Od /Oy- /D WIN32 /D _DEBUG /D _LIB /D _UNICODE /D UNICODE /Gm /EHsc /RTC1 /MDd /GS /fp:precise /Zc:wchar_t /Zc:forScope /Fo"Debug\\" /Fd"Debug\vc120.pdb" /Gd /TP /analyze- /errorReport:prompt GUIManager.cpp
         GUIManager.cpp
     1>c:\users\matt joncas\documents\visual studio 2013\projects\gui\gui\guimanager.cpp(60): warning C4018: '<' : signed/unsigned mismatch
     1>c:\users\matt joncas\documents\visual studio 2013\projects\gui\gui\guimanager.cpp(76): warning C4018: '<' : signed/unsigned mismatch
     1>c:\users\matt joncas\documents\visual studio 2013\projects\gui\gui\guimanager.cpp(87): warning C4018: '<' : signed/unsigned mismatch
     1>c:\users\matt joncas\documents\visual studio 2013\projects\gui\gui\guimanager.cpp(98): warning C4018: '<' : signed/unsigned mismatch
     1>c:\users\matt joncas\documents\visual studio 2013\projects\gui\gui\guimanager.cpp(109): warning C4018: '<' : signed/unsigned mismatch
     1>c:\users\matt joncas\documents\visual studio 2013\projects\gui\gui\guimanager.cpp(120): warning C4018: '<' : signed/unsigned mismatch
     1>c:\users\matt joncas\documents\visual studio 2013\projects\gui\gui\guimanager.cpp(171): warning C4244: 'argument' : conversion from 'int' to 'float', possible loss of data
     1>c:\users\matt joncas\documents\visual studio 2013\projects\gui\gui\guimanager.cpp(327): warning C4244: 'argument' : conversion from 'double' to 'float', possible loss of data
     1>c:\users\matt joncas\documents\visual studio 2013\projects\gui\gui\guimanager.cpp(202): warning C4715: 'gui::GUIManager::GetPosition' : not all control paths return a value
       Lib:
         C:\Program Files (x86)\Microsoft Visual Studio 12.0\VC\bin\Lib.exe /OUT:"C:\Users\Matt Joncas\documents\visual studio 2013\Projects\GUI\Debug\GUI.lib" /NOLOGO Debug\Event.obj
         Debug\GUIButton.obj
         Debug\GUIManager.obj
         Debug\GUIObject.obj
         Debug\GUISlider.obj
         Debug\GUIText.obj
         Debug\GUITextBox.obj
         Debug\Menu.obj
         GUI.vcxproj -> C:\Users\Matt Joncas\documents\visual studio 2013\Projects\GUI\Debug\GUI.lib
     1>Done Building Project "C:\Users\Matt Joncas\documents\visual studio 2013\Projects\GUI\GUI\GUI.vcxproj" (Build target(s)).

Build succeeded.

Time Elapsed 00:00:01.61
